<?xml version="1.0" encoding="UTF-8" ?>
<testsuite errors="0" failures="0" hostname="nb" name="unittest.ShapeTest" skipped="0" tests="3" time="0.042" timestamp="2017-09-26T02:29:07">
  <properties>
[...]
</properties>
  <testcase classname="unittest.ShapeTest" name="testCylinder" time="0.002" />
  <testcase classname="unittest.ShapeTest" name="testCircle" time="0.001" />
  <testcase classname="unittest.ShapeTest" name="testRectangle" time="0.001" />
  <system-out><![CDATA[Summary: Cylinder Area 745538510.176768, Volume 410754880033.939900
Summary: Circle Area 332864570.529935, Volume 0.000000
Summary: Rectangle Area 12702055.600000, Volume 0.000000
Summary: Rectangle Area 10000.000000, Volume 0.000000
]]></system-out>
  <system-err><![CDATA[]]></system-err>
</testsuite>
